{
  "stats": {
    "suites": 3,
    "tests": 4,
    "passes": 0,
    "pending": 0,
    "failures": 4,
    "start": "2018-02-02T23:36:51.294Z",
    "end": "2018-02-02T23:36:51.314Z",
    "duration": 20,
    "testsRegistered": 4,
    "passPercent": 0,
    "pendingPercent": 0,
    "other": 0,
    "hasOther": false,
    "skipped": 0,
    "hasSkipped": false,
    "passPercentClass": "danger",
    "pendingPercentClass": "danger"
  },
  "suites": {
    "uuid": "751ffde9-8d4a-4550-a990-38941292704c",
    "title": "",
    "fullFile": "",
    "file": "",
    "beforeHooks": [],
    "afterHooks": [],
    "tests": [],
    "suites": [
      {
        "uuid": "9b261d0f-1494-43bf-8ff0-4289f6a60710",
        "title": "Cow",
        "fullFile": "J:\\Library\\Miei documenti\\Polimi\\Progetti\\homebrewlib\\test\\index.js",
        "file": "\\test\\index.js",
        "beforeHooks": [],
        "afterHooks": [],
        "tests": [],
        "suites": [
          {
            "uuid": "d0fc8afe-7949-43b1-bb99-6e8e624cc6c8",
            "title": "constructor",
            "fullFile": "J:\\Library\\Miei documenti\\Polimi\\Progetti\\homebrewlib\\test\\index.js",
            "file": "\\test\\index.js",
            "beforeHooks": [],
            "afterHooks": [],
            "tests": [
              {
                "title": "should have a default name",
                "fullTitle": "Cow constructor should have a default name",
                "timedOut": false,
                "duration": 1,
                "state": "failed",
                "pass": false,
                "fail": true,
                "pending": false,
                "code": "const cow = new Cow();\nexpect(cow.name).to.equal('Anon cow');",
                "err": {
                  "message": "ReferenceError: Cow is not defined",
                  "estack": "ReferenceError: Cow is not defined\n    at Context.it (test\\index.js:10:23)"
                },
                "isRoot": false,
                "uuid": "4bd2fac4-8d74-411f-8f4d-0b09786a4a80",
                "isHook": false,
                "skipped": false
              },
              {
                "title": "should set cow's name if provided",
                "fullTitle": "Cow constructor should set cow's name if provided",
                "timedOut": false,
                "duration": 0,
                "state": "failed",
                "pass": false,
                "fail": true,
                "pending": false,
                "code": "const cow = new Cow('Kate');\nexpect(cow.name).to.equal('Kate');",
                "err": {
                  "message": "ReferenceError: Cow is not defined",
                  "estack": "ReferenceError: Cow is not defined\n    at Context.it (test\\index.js:15:23)"
                },
                "isRoot": false,
                "uuid": "09f24bf0-7fae-4e65-a6a6-52238df473eb",
                "isHook": false,
                "skipped": false
              }
            ],
            "suites": [],
            "passes": [],
            "failures": [
              "4bd2fac4-8d74-411f-8f4d-0b09786a4a80",
              "09f24bf0-7fae-4e65-a6a6-52238df473eb"
            ],
            "pending": [],
            "skipped": [],
            "duration": 1,
            "root": false,
            "rootEmpty": false,
            "_timeout": 2000
          },
          {
            "uuid": "0de19b57-4af3-4247-9733-d505256a71be",
            "title": "#greets",
            "fullFile": "J:\\Library\\Miei documenti\\Polimi\\Progetti\\homebrewlib\\test\\index.js",
            "file": "\\test\\index.js",
            "beforeHooks": [],
            "afterHooks": [],
            "tests": [
              {
                "title": "should throw if no target is passed in",
                "fullTitle": "Cow #greets should throw if no target is passed in",
                "timedOut": false,
                "duration": 0,
                "state": "failed",
                "pass": false,
                "fail": true,
                "pending": false,
                "code": "expect(() => {\n  (new Cow()).greets();\n}).to.throw(Error);",
                "err": {
                  "message": "ReferenceError: expect is not defined",
                  "estack": "ReferenceError: expect is not defined\n    at Context.it (test\\index.js:22:7)"
                },
                "isRoot": false,
                "uuid": "5c2cd018-bf69-4d77-ac03-dc394338840e",
                "isHook": false,
                "skipped": false
              },
              {
                "title": "should greet passed target",
                "fullTitle": "Cow #greets should greet passed target",
                "timedOut": false,
                "duration": 0,
                "state": "failed",
                "pass": false,
                "fail": true,
                "pending": false,
                "code": "const greetings = (new Cow('Kate')).greets('Baby');\nexpect(greetings).to.equal('Kate greets Baby');",
                "err": {
                  "message": "ReferenceError: Cow is not defined",
                  "estack": "ReferenceError: Cow is not defined\n    at Context.it (test\\index.js:28:30)"
                },
                "isRoot": false,
                "uuid": "75aad390-eb47-4403-bdb3-3d6e1851e4ee",
                "isHook": false,
                "skipped": false
              }
            ],
            "suites": [],
            "passes": [],
            "failures": [
              "5c2cd018-bf69-4d77-ac03-dc394338840e",
              "75aad390-eb47-4403-bdb3-3d6e1851e4ee"
            ],
            "pending": [],
            "skipped": [],
            "duration": 0,
            "root": false,
            "rootEmpty": false,
            "_timeout": 2000
          }
        ],
        "passes": [],
        "failures": [],
        "pending": [],
        "skipped": [],
        "duration": 0,
        "root": false,
        "rootEmpty": false,
        "_timeout": 2000
      }
    ],
    "passes": [],
    "failures": [],
    "pending": [],
    "skipped": [],
    "duration": 0,
    "root": true,
    "rootEmpty": true,
    "_timeout": 2000
  },
  "copyrightYear": 2018
}