{
  "stats": {
    "suites": 2,
    "tests": 7,
    "passes": 7,
    "pending": 0,
    "failures": 0,
    "start": "2018-02-03T23:09:37.025Z",
    "end": "2018-02-03T23:09:37.055Z",
    "duration": 30,
    "testsRegistered": 7,
    "passPercent": 100,
    "pendingPercent": 0,
    "other": 0,
    "hasOther": false,
    "skipped": 0,
    "hasSkipped": false,
    "passPercentClass": "success",
    "pendingPercentClass": "danger"
  },
  "suites": {
    "uuid": "8d987e24-8804-4c1a-9312-736b1e01805a",
    "title": "",
    "fullFile": "",
    "file": "",
    "beforeHooks": [],
    "afterHooks": [],
    "tests": [],
    "suites": [
      {
        "uuid": "99f7f95d-4e59-4843-897c-63ddf0961bfd",
        "title": "Recipe object:",
        "fullFile": "J:\\Library\\Miei documenti\\Polimi\\Progetti\\homebrewlib\\test\\index.js",
        "file": "\\test\\index.js",
        "beforeHooks": [],
        "afterHooks": [],
        "tests": [],
        "suites": [
          {
            "uuid": "946ca92d-2275-47c7-99bf-c6694b7fddf6",
            "title": "constructor",
            "fullFile": "J:\\Library\\Miei documenti\\Polimi\\Progetti\\homebrewlib\\test\\index.js",
            "file": "\\test\\index.js",
            "beforeHooks": [],
            "afterHooks": [],
            "tests": [
              {
                "title": "[recipe] a valid recipe object should exists",
                "fullTitle": "Recipe object: constructor [recipe] a valid recipe object should exists",
                "timedOut": false,
                "duration": 2,
                "state": "passed",
                "speed": "fast",
                "pass": true,
                "fail": false,
                "pending": false,
                "code": "expect(recipe).to.be.an('object');",
                "err": {},
                "isRoot": false,
                "uuid": "e740c492-be6b-4c0d-b4f6-ade90ecf32e6",
                "isHook": false,
                "skipped": false
              },
              {
                "title": "[recipe] should contain the following constants",
                "fullTitle": "Recipe object: constructor [recipe] should contain the following constants",
                "timedOut": false,
                "duration": 0,
                "state": "passed",
                "speed": "fast",
                "pass": true,
                "fail": false,
                "pending": false,
                "code": "expect(recipe.constants.grain_absorption).to.be.a('number');\nexpect(recipe.constants.grain_absorption).to.equal(1.04);\nexpect(recipe.constants.grain_volume).to.be.a('number');\nexpect(recipe.constants.grain_volume).to.equal(0.67);\nexpect(recipe.constants.sugar_to_CO2_conversion).to.be.a('number');\nexpect(recipe.constants.sugar_to_CO2_conversion).to.equal(0.51);\nexpect(recipe.constants.color_adjustment).to.be.a('number');\nexpect(recipe.constants.color_adjustment).to.equal(3);",
                "err": {},
                "isRoot": false,
                "uuid": "1aef8b54-75f6-4c0a-b8a5-bf19185cce1e",
                "isHook": false,
                "skipped": false
              },
              {
                "title": "[recipe] should contain the following equipment:",
                "fullTitle": "Recipe object: constructor [recipe] should contain the following equipment:",
                "timedOut": false,
                "duration": 2,
                "state": "passed",
                "speed": "fast",
                "pass": true,
                "fail": false,
                "pending": false,
                "code": "expect(recipe.equipment.mash_max_volume).to.be.a('number');\nexpect(recipe.equipment.mash_max_volume).to.equal(50);\nexpect(recipe.equipment.mash_efficiency_weight).to.be.a('number');\nexpect(recipe.equipment.mash_efficiency_weight).to.equal(0.751);\nexpect(recipe.equipment.mash_efficiency_potential).to.be.a('number');\nexpect(recipe.equipment.mash_efficiency_potential).to.equal(0.91);\nexpect(recipe.equipment.mash_false_bottom_volume).to.be.a('number');\nexpect(recipe.equipment.mash_false_bottom_volume).to.equal(5);\nexpect(recipe.equipment.mash_loss).to.be.a('number');\nexpect(recipe.equipment.mash_loss).to.equal(0);\nexpect(recipe.equipment.sparge_max_volume).to.be.a('number');\nexpect(recipe.equipment.sparge_max_volume).to.equal(50);\nexpect(recipe.equipment.boil_max_volume).to.be.a('number');\nexpect(recipe.equipment.boil_max_volume).to.equal(70);\nexpect(recipe.equipment.boil_evaporation_rate).to.be.a('number');\nexpect(recipe.equipment.boil_evaporation_rate).to.equal(8.3);\nexpect(recipe.equipment.boil_loss).to.be.a('number');\nexpect(recipe.equipment.boil_loss).to.equal(2);\nexpect(recipe.equipment.whirlpool_loss).to.be.a('number');\nexpect(recipe.equipment.whirlpool_loss).to.equal(0);\nexpect(recipe.equipment.fermentation_max_volume).to.be.a('number');\nexpect(recipe.equipment.fermentation_max_volume).to.equal(60);\nexpect(recipe.equipment.fermentation_loss).to.be.a('number');\nexpect(recipe.equipment.fermentation_loss).to.equal(1.5);",
                "err": {},
                "isRoot": false,
                "uuid": "c7bc062b-878a-4b64-a95c-2f6af0939d2c",
                "isHook": false,
                "skipped": false
              },
              {
                "title": "[recipe] should have the following 'process'",
                "fullTitle": "Recipe object: constructor [recipe] should have the following 'process'",
                "timedOut": false,
                "duration": 0,
                "state": "passed",
                "speed": "fast",
                "pass": true,
                "fail": false,
                "pending": false,
                "code": "expect(recipe.process).to.be.an('object');",
                "err": {},
                "isRoot": false,
                "uuid": "42f9238d-e141-4e37-bd2e-2d80323642a2",
                "isHook": false,
                "skipped": false
              },
              {
                "title": "should have a 'state'",
                "fullTitle": "Recipe object: constructor should have a 'state'",
                "timedOut": false,
                "duration": 0,
                "state": "passed",
                "speed": "fast",
                "pass": true,
                "fail": false,
                "pending": false,
                "code": "expect(recipe.state[0]).to.be.an('object');",
                "err": {},
                "isRoot": false,
                "uuid": "d9dd5c55-3d80-4e1a-bf24-8e2de9e52ce1",
                "isHook": false,
                "skipped": false
              },
              {
                "title": "[state] should have the following properties:",
                "fullTitle": "Recipe object: constructor [state] should have the following properties:",
                "timedOut": false,
                "duration": 1,
                "state": "passed",
                "speed": "fast",
                "pass": true,
                "fail": false,
                "pending": false,
                "code": "expect(recipe.state[0].name).to.be.a('string');\nexpect(recipe.state[0].name).to.equal('Mash water');\nexpect(recipe.state[0].vol).to.be.a('number');\nexpect(recipe.state[0].vol).to.equal(28);\nexpect(recipe.state[0].og).to.be.a('number');\nexpect(recipe.state[0].og).to.equal(1);\nexpect(recipe.state[0].fg).to.be.a('number');\nexpect(recipe.state[0].fg).to.equal(1);\nexpect(recipe.state[0].abv).to.be.a('number');\nexpect(recipe.state[0].abv).to.equal(0);\nexpect(recipe.state[0].ebc).to.be.a('number');\nexpect(recipe.state[0].ebc).to.equal(0);\nexpect(recipe.state[0].ibu).to.be.a('number');\nexpect(recipe.state[0].ibu).to.equal(0);\nexpect(recipe.state[0].co2).to.be.a('number');\nexpect(recipe.state[0].co2).to.equal(0);",
                "err": {},
                "isRoot": false,
                "uuid": "1d16c1b8-118a-4e9a-979e-437d6cf79b16",
                "isHook": false,
                "skipped": false
              },
              {
                "title": "[recipe] should have the following functions:",
                "fullTitle": "Recipe object: constructor [recipe] should have the following functions:",
                "timedOut": false,
                "duration": 1,
                "state": "passed",
                "speed": "fast",
                "pass": true,
                "fail": false,
                "pending": false,
                "code": "expect(recipe.reset).to.be.a('function');\nexpect(recipe.add_water).to.be.a('function');\nexpect(recipe.add_sugar).to.be.a('function');\nexpect(recipe.mash).to.be.a('function');\nexpect(recipe.boil).to.be.a('function');\nexpect(recipe.ferment).to.be.a('function');\nexpect(recipe.bottle).to.be.a('function');\nexpect(recipe.brew).to.be.a('function');\nexpect(recipe.undo).to.be.a('function');\nexpect(recipe.split).to.be.a('function');\nexpect(recipe.merge).to.be.a('function');",
                "err": {},
                "isRoot": false,
                "uuid": "eb779588-82f0-4c7e-b630-baffd5a8bb49",
                "isHook": false,
                "skipped": false
              }
            ],
            "suites": [],
            "passes": [
              "e740c492-be6b-4c0d-b4f6-ade90ecf32e6",
              "1aef8b54-75f6-4c0a-b8a5-bf19185cce1e",
              "c7bc062b-878a-4b64-a95c-2f6af0939d2c",
              "42f9238d-e141-4e37-bd2e-2d80323642a2",
              "d9dd5c55-3d80-4e1a-bf24-8e2de9e52ce1",
              "1d16c1b8-118a-4e9a-979e-437d6cf79b16",
              "eb779588-82f0-4c7e-b630-baffd5a8bb49"
            ],
            "failures": [],
            "pending": [],
            "skipped": [],
            "duration": 6,
            "root": false,
            "rootEmpty": false,
            "_timeout": 2000
          }
        ],
        "passes": [],
        "failures": [],
        "pending": [],
        "skipped": [],
        "duration": 0,
        "root": false,
        "rootEmpty": false,
        "_timeout": 2000
      }
    ],
    "passes": [],
    "failures": [],
    "pending": [],
    "skipped": [],
    "duration": 0,
    "root": true,
    "rootEmpty": true,
    "_timeout": 2000
  },
  "copyrightYear": 2018
}